g:\work\cégep\struct\tp3\tlmvpsp\tlmvpsp\tlmvpsp\debug\vc140.pdb
g:\work\cégep\struct\tp3\tlmvpsp\tlmvpsp\tlmvpsp\debug\vc140.idb
g:\work\cégep\struct\tp3\tlmvpsp\tlmvpsp\tlmvpsp\debug\deck.obj
g:\work\cégep\struct\tp3\tlmvpsp\tlmvpsp\tlmvpsp\debug\gestionnaire.obj
g:\work\cégep\struct\tp3\tlmvpsp\tlmvpsp\tlmvpsp\debug\joueur.obj
g:\work\cégep\struct\tp3\tlmvpsp\tlmvpsp\tlmvpsp\debug\main.obj
g:\work\cégep\struct\tp3\tlmvpsp\tlmvpsp\tlmvpsp\debug\manche.obj
g:\work\cégep\struct\tp3\tlmvpsp\tlmvpsp\tlmvpsp\debug\question.obj
g:\work\cégep\struct\tp3\tlmvpsp\tlmvpsp\tlmvpsp\debug\saisiesecurisee.obj
g:\work\cégep\struct\tp3\tlmvpsp\tlmvpsp\debug\tlmvpsp.pdb
g:\work\cégep\struct\tp3\tlmvpsp\tlmvpsp\tlmvpsp\debug\tlmvpsp.tlog\cl.command.1.tlog
g:\work\cégep\struct\tp3\tlmvpsp\tlmvpsp\tlmvpsp\debug\tlmvpsp.tlog\cl.read.1.tlog
g:\work\cégep\struct\tp3\tlmvpsp\tlmvpsp\tlmvpsp\debug\tlmvpsp.tlog\cl.write.1.tlog
g:\work\cégep\struct\tp3\tlmvpsp\tlmvpsp\tlmvpsp\debug\tlmvpsp.tlog\link-cvtres.read.1.tlog
g:\work\cégep\struct\tp3\tlmvpsp\tlmvpsp\tlmvpsp\debug\tlmvpsp.tlog\link-cvtres.write.1.tlog
g:\work\cégep\struct\tp3\tlmvpsp\tlmvpsp\tlmvpsp\debug\tlmvpsp.tlog\link-rc.read.1.tlog
g:\work\cégep\struct\tp3\tlmvpsp\tlmvpsp\tlmvpsp\debug\tlmvpsp.tlog\link-rc.write.1.tlog
g:\work\cégep\struct\tp3\tlmvpsp\tlmvpsp\tlmvpsp\debug\tlmvpsp.tlog\link.command.1.tlog
g:\work\cégep\struct\tp3\tlmvpsp\tlmvpsp\tlmvpsp\debug\tlmvpsp.tlog\link.read.1.tlog
g:\work\cégep\struct\tp3\tlmvpsp\tlmvpsp\tlmvpsp\debug\tlmvpsp.tlog\link.write.1.tlog
